<?xml version="1.0" encoding="UTF-8"?>
<!-- Generated by org.testng.reporters.JUnitReportReporter -->
<testsuite skipped="0" hostname="Kunle-PC" name="RappE2E.ValidateNavigationBar" tests="1" failures="0" timestamp="11 Aug 2018 16:55:21 GMT" time="0.065" errors="0">
  <testcase name="validateAppNavBar" time="0.065" classname="RappE2E.ValidateNavigationBar"/>
</testsuite> <!-- RappE2E.ValidateNavigationBar -->
