<?xml version="1.0" encoding="UTF-8"?>
<!-- Generated by org.testng.reporters.JUnitReportReporter -->
<testsuite skipped="0" hostname="Kunle-PC" name="RappE2E.ValidateTitle" tests="1" failures="0" timestamp="11 Aug 2018 16:55:46 GMT" time="0.082" errors="0">
  <testcase name="validateAppTitle" time="0.082" classname="RappE2E.ValidateTitle"/>
</testsuite> <!-- RappE2E.ValidateTitle -->
