<?xml version="1.0" encoding="UTF-8"?>
<!-- Generated by org.testng.reporters.JUnitReportReporter -->
<testsuite skipped="0" hostname="Kunle-PC" name="RappE2E.HomePage" tests="2" failures="0" timestamp="11 Aug 2018 16:54:58 GMT" time="3.241" errors="0">
  <testcase name="basePageNavigation" time="1.774" classname="RappE2E.HomePage"/>
  <testcase name="basePageNavigation" time="1.467" classname="RappE2E.HomePage"/>
</testsuite> <!-- RappE2E.HomePage -->
