<?xml version="1.0" encoding="UTF-8"?>
<!-- Generated by org.testng.reporters.JUnitReportReporter -->
<testsuite hostname="Kunle-PC" name="RappE2E.ValidateNavigationBar" tests="1" failures="0" timestamp="11 Aug 2018 18:21:49 GMT" time="0.062" errors="0">
  <testcase name="validateAppNavBar" time="0.062" classname="RappE2E.ValidateNavigationBar"/>
</testsuite> <!-- RappE2E.ValidateNavigationBar -->
