<?xml version="1.0" encoding="UTF-8"?>
<!-- Generated by org.testng.reporters.JUnitReportReporter -->
<testsuite hostname="Kunle-PC" name="RappE2E.HomePage" tests="2" failures="0" timestamp="11 Aug 2018 18:21:49 GMT" time="5.028" errors="0">
  <testcase name="loginPage" time="2.654" classname="RappE2E.HomePage"/>
  <testcase name="loginPage" time="2.374" classname="RappE2E.HomePage"/>
</testsuite> <!-- RappE2E.HomePage -->
